# JRE version: OpenJDK Runtime Environment Temurin-21.0.11+10 (21.0.11+10) (build 21.0.11+10-LTS)
# Java VM: OpenJDK 64-Bit Server VM Temurin-21.0.11+10 (21.0.11+10-LTS, mixed mode, sharing, tiered, compressed oops, compressed class ptrs, g1 gc, windows-amd64)
GC Precious Log:
 CardTable entry size: 512
 Card Set container configuration: InlinePtr #cards 4 size 8 Array Of Cards #cards 16 size 48 Howl #buckets 8 coarsen threshold 3686 Howl Bitmap #cards 512 size 80 coarsen threshold 460 Card regions per heap region 1 cards per card region 4096
 CPUs: 12 total, 12 available
 Memory: 14188M
 Large Page Support: Disabled
 NUMA Support: Disabled
 Compressed Oops: Enabled (Zero based)
 Heap Region Size: 2M
 Heap Min Capacity: 8M
 Heap Initial Capacity: 222M
 Heap Max Capacity: 3548M
 Pre-touch: Disabled
 Parallel Workers: 10
 Concurrent Workers: 3
 Concurrent Refinement Workers: 10
 Periodic GC: Disabled
Heap:
 garbage-first heap   total 292864K, used 244218K [0x0000000722400000, 0x0000000800000000)
  region size 2048K, 2 young (4096K), 2 survivors (4096K)
 Metaspace       used 33457K, committed 34048K, reserved 1114112K
  class space    used 4268K, committed 4544K, reserved 1048576K
GC Heap History (20 events):
Event: 55.069 GC heap after
{Heap after GC invocations=19 (full 0):
 garbage-first heap   total 110592K, used 72282K [0x0000000722400000, 0x0000000800000000)
  region size 2048K, 2 young (4096K), 2 survivors (4096K)
 Metaspace       used 33350K, committed 33984K, reserved 1114112K
  class space    used 4256K, committed 4544K, reserved 1048576K
}
Event: 55.140 GC heap before
{Heap before GC invocations=19 (full 0):
 garbage-first heap   total 110592K, used 90714K [0x0000000722400000, 0x0000000800000000)
  region size 2048K, 12 young (24576K), 2 survivors (4096K)
 Metaspace       used 33360K, committed 33984K, reserved 1114112K
  class space    used 4257K, committed 4544K, reserved 1048576K
}
Event: 55.149 GC heap after
{Heap after GC invocations=20 (full 0):
 garbage-first heap   total 155648K, used 81390K [0x0000000722400000, 0x0000000800000000)
  region size 2048K, 2 young (4096K), 2 survivors (4096K)
 Metaspace       used 33360K, committed 33984K, reserved 1114112K
  class space    used 4257K, committed 4544K, reserved 1048576K
}
Event: 55.313 GC heap before
{Heap before GC invocations=20 (full 0):
 garbage-first heap   total 155648K, used 120302K [0x0000000722400000, 0x0000000800000000)
  region size 2048K, 22 young (45056K), 2 survivors (4096K)
 Metaspace       used 33367K, committed 33984K, reserved 1114112K
  class space    used 4257K, committed 4544K, reserved 1048576K
}
Event: 55.328 GC heap after
{Heap after GC invocations=21 (full 0):
 garbage-first heap   total 155648K, used 105460K [0x0000000722400000, 0x0000000800000000)
  region size 2048K, 3 young (6144K), 3 survivors (6144K)
 Metaspace       used 33367K, committed 33984K, reserved 1114112K
  class space    used 4257K, committed 4544K, reserved 1048576K
}
Event: 55.488 GC heap before
{Heap before GC invocations=21 (full 0):
 garbage-first heap   total 155648K, used 123892K [0x0000000722400000, 0x0000000800000000)
  region size 2048K, 13 young (26624K), 3 survivors (6144K)
 Metaspace       used 33423K, committed 33984K, reserved 1114112K
  class space    used 4265K, committed 4544K, reserved 1048576K
}
Event: 55.495 GC heap after
{Heap after GC invocations=22 (full 0):
 garbage-first heap   total 155648K, used 114665K [0x0000000722400000, 0x0000000800000000)
  region size 2048K, 2 young (4096K), 2 survivors (4096K)
 Metaspace       used 33423K, committed 33984K, reserved 1114112K
  class space    used 4265K, committed 4544K, reserved 1048576K
}
Event: 55.541 GC heap before
{Heap before GC invocations=22 (full 0):
 garbage-first heap   total 155648K, used 129001K [0x0000000722400000, 0x0000000800000000)
  region size 2048K, 10 young (20480K), 2 survivors (4096K)
 Metaspace       used 33423K, committed 33984K, reserved 1114112K
  class space    used 4265K, committed 4544K, reserved 1048576K
}
Event: 55.545 GC heap after
{Heap after GC invocations=23 (full 0):
 garbage-first heap   total 155648K, used 123386K [0x0000000722400000, 0x0000000800000000)
  region size 2048K, 2 young (4096K), 2 survivors (4096K)
 Metaspace       used 33423K, committed 33984K, reserved 1114112K
  class space    used 4265K, committed 4544K, reserved 1048576K
}
Event: 55.565 GC heap before
{Heap before GC invocations=23 (full 0):
 garbage-first heap   total 155648K, used 131578K [0x0000000722400000, 0x0000000800000000)
  region size 2048K, 8 young (16384K), 2 survivors (4096K)
 Metaspace       used 33423K, committed 33984K, reserved 1114112K
  class space    used 4265K, committed 4544K, reserved 1048576K
}
Event: 55.570 GC heap after
{Heap after GC invocations=24 (full 0):
 garbage-first heap   total 292864K, used 131053K [0x0000000722400000, 0x0000000800000000)
  region size 2048K, 1 young (2048K), 1 survivors (2048K)
 Metaspace       used 33423K, committed 33984K, reserved 1114112K
  class space    used 4265K, committed 4544K, reserved 1048576K
}
Event: 55.844 GC heap before
{Heap before GC invocations=25 (full 0):
 garbage-first heap   total 292864K, used 202733K [0x0000000722400000, 0x0000000800000000)
  region size 2048K, 37 young (75776K), 1 survivors (2048K)
 Metaspace       used 33449K, committed 34048K, reserved 1114112K
  class space    used 4265K, committed 4544K, reserved 1048576K
}
Event: 55.862 GC heap after
{Heap after GC invocations=26 (full 0):
 garbage-first heap   total 292864K, used 171502K [0x0000000722400000, 0x0000000800000000)
  region size 2048K, 5 young (10240K), 5 survivors (10240K)
 Metaspace       used 33449K, committed 34048K, reserved 1114112K
  class space    used 4265K, committed 4544K, reserved 1048576K
}
Event: 56.001 GC heap before
{Heap before GC invocations=26 (full 0):
 garbage-first heap   total 292864K, used 218606K [0x0000000722400000, 0x0000000800000000)
  region size 2048K, 29 young (59392K), 5 survivors (10240K)
 Metaspace       used 33452K, committed 34048K, reserved 1114112K
  class space    used 4265K, committed 4544K, reserved 1048576K
}
Event: 56.014 GC heap after
{Heap after GC invocations=27 (full 0):
 garbage-first heap   total 292864K, used 180201K [0x0000000722400000, 0x0000000800000000)
  region size 2048K, 4 young (8192K), 4 survivors (8192K)
 Metaspace       used 33452K, committed 34048K, reserved 1114112K
  class space    used 4265K, committed 4544K, reserved 1048576K
}
Event: 56.152 GC heap before
{Heap before GC invocations=27 (full 0):
 garbage-first heap   total 292864K, used 227305K [0x0000000722400000, 0x0000000800000000)
  region size 2048K, 28 young (57344K), 4 survivors (8192K)
 Metaspace       used 33457K, committed 34048K, reserved 1114112K
  class space    used 4268K, committed 4544K, reserved 1048576K
}
Event: 56.164 GC heap after
{Heap after GC invocations=28 (full 0):
 garbage-first heap   total 292864K, used 201716K [0x0000000722400000, 0x0000000800000000)
  region size 2048K, 4 young (8192K), 4 survivors (8192K)
 Metaspace       used 33457K, committed 34048K, reserved 1114112K
  class space    used 4268K, committed 4544K, reserved 1048576K
}
Event: 56.297 GC heap before
{Heap before GC invocations=28 (full 0):
 garbage-first heap   total 292864K, used 236532K [0x0000000722400000, 0x0000000800000000)
  region size 2048K, 22 young (45056K), 4 survivors (8192K)
 Metaspace       used 33457K, committed 34048K, reserved 1114112K
  class space    used 4268K, committed 4544K, reserved 1048576K
}
Event: 56.310 GC heap after
{Heap after GC invocations=29 (full 0):
 garbage-first heap   total 292864K, used 227305K [0x0000000722400000, 0x0000000800000000)
  region size 2048K, 3 young (6144K), 3 survivors (6144K)
 Metaspace       used 33457K, committed 34048K, reserved 1114112K
  class space    used 4268K, committed 4544K, reserved 1048576K
}
Event: 56.378 GC heap before
{Heap before GC invocations=29 (full 0):
 garbage-first heap   total 292864K, used 249833K [0x0000000722400000, 0x0000000800000000)
  region size 2048K, 15 young (30720K), 3 survivors (6144K)
 Metaspace       used 33457K, committed 34048K, reserved 1114112K
  class space    used 4268K, committed 4544K, reserved 1048576K
}

